{
  "RSpec": {
    "coverage": {
      "/Users/hackedbaka/fundamentals/rails-p2/servicelist/app/models/seller.rb": [
        1,
        null,
        1,
        null,
        1,
        null,
        1,
        1,
        1,
        null,
        1,
        1,
        null,
        null,
        1,
        null,
        1,
        10,
        8,
        8,
        null,
        null,
        null
      ],
      "/Users/hackedbaka/fundamentals/rails-p2/servicelist/app/helpers/application_helper.rb": [
        1,
        null
      ],
      "/Users/hackedbaka/fundamentals/rails-p2/servicelist/app/helpers/categories_helper.rb": [
        1,
        null
      ],
      "/Users/hackedbaka/fundamentals/rails-p2/servicelist/app/helpers/sellers_helper.rb": [
        1,
        null
      ],
      "/Users/hackedbaka/fundamentals/rails-p2/servicelist/app/helpers/services_helper.rb": [
        1,
        null
      ],
      "/Users/hackedbaka/fundamentals/rails-p2/servicelist/app/helpers/sessions_helper.rb": [
        1,
        null
      ],
      "/Users/hackedbaka/fundamentals/rails-p2/servicelist/app/controllers/categories_controller.rb": [
        1,
        1,
        1,
        0,
        null,
        null,
        1,
        0,
        0,
        null,
        null,
        null,
        1,
        0,
        null,
        null,
        1,
        0,
        null,
        null,
        1,
        0,
        null,
        0,
        0,
        null,
        0,
        null,
        null,
        null,
        1,
        0,
        null,
        0,
        0,
        null,
        0,
        null,
        null,
        null,
        1,
        0,
        0,
        0,
        null,
        null,
        1,
        null,
        1,
        0,
        null,
        null
      ],
      "/Users/hackedbaka/fundamentals/rails-p2/servicelist/app/controllers/application_controller.rb": [
        1,
        null,
        null,
        1,
        null,
        1,
        null,
        1,
        1,
        0,
        null,
        1,
        0,
        0,
        0,
        null,
        null,
        null,
        null,
        null
      ],
      "/Users/hackedbaka/fundamentals/rails-p2/servicelist/app/controllers/sellers_controller.rb": [
        1,
        null,
        1,
        1,
        null,
        null,
        1,
        2,
        null,
        null,
        1,
        1,
        0,
        0,
        null,
        1,
        1,
        null,
        null,
        null,
        1,
        null,
        1,
        1,
        null,
        null,
        null
      ],
      "/Users/hackedbaka/fundamentals/rails-p2/servicelist/app/controllers/services_controller.rb": [
        1,
        null,
        1,
        null,
        null,
        null,
        null,
        1,
        0,
        null,
        1,
        null,
        null,
        null,
        1,
        0,
        null,
        null,
        1,
        0,
        0,
        0,
        null,
        null,
        1,
        2,
        2,
        null,
        null,
        1,
        0,
        0,
        null,
        null,
        1,
        0,
        null,
        0,
        0,
        null,
        0,
        null,
        null,
        null,
        1,
        0,
        null,
        0,
        0,
        null,
        0,
        null,
        null,
        null,
        1,
        0,
        0,
        0,
        null,
        null,
        1,
        null,
        1,
        0,
        null,
        null,
        null
      ],
      "/Users/hackedbaka/fundamentals/rails-p2/servicelist/app/controllers/sessions_controller.rb": [
        1,
        null,
        1,
        1,
        null,
        null,
        1,
        3,
        null,
        3,
        2,
        null,
        2,
        2,
        null,
        null,
        1,
        null,
        1,
        null,
        null,
        null,
        1,
        0,
        0,
        0,
        null,
        null,
        1,
        null,
        1,
        6,
        null,
        null,
        null
      ],
      "/Users/hackedbaka/fundamentals/rails-p2/servicelist/app/models/service.rb": [
        1,
        1,
        1,
        null,
        1,
        0,
        null,
        null
      ],
      "/Users/hackedbaka/fundamentals/rails-p2/servicelist/app/models/category.rb": [
        1,
        1,
        null
      ]
    },
    "timestamp": 1434478444
  }
}
